<?xml version="1.0" encoding="UTF-8"?>
<!-- Generated by org.testng.reporters.JUnitXMLReporter -->
<testsuite hostname="BigMac2.domain_not_set.invalid" name="Command line test" tests="6" failures="1" timestamp="2 Feb 2018 14:43:07 GMT" time="1.561" errors="0">
  <testcase name="checkNames" time="1.119" classname="com.spronq.helloworldresttest.MessageTest"/>
  <testcase name="checkNamesWithErr" time="0.033" classname="com.spronq.helloworldresttest.MessageTest">
    <failure type="java.lang.AssertionError" message="1 expectation failed.
JSON path [0].firstName doesn&amp;apos;t match.
Expected: Ed
  Actual: Nabi
">
      <![CDATA[java.lang.AssertionError: 1 expectation failed.
JSON path [0].firstName doesn't match.
Expected: Ed
  Actual: Nabi

	at org.codehaus.groovy.runtime.callsite.ConstructorSite$ConstructorSiteNoUnwrap.callConstructor(ConstructorSite.java:84)
	at org.codehaus.groovy.runtime.callsite.CallSiteArray.defaultCallConstructor(CallSiteArray.java:60)
	at org.codehaus.groovy.runtime.callsite.AbstractCallSite.callConstructor(AbstractCallSite.java:235)
	at org.codehaus.groovy.runtime.callsite.AbstractCallSite.callConstructor(AbstractCallSite.java:247)
	at io.restassured.internal.ResponseSpecificationImpl$HamcrestAssertionClosure.validate(ResponseSpecificationImpl.groovy:451)
	at io.restassured.internal.ResponseSpecificationImpl$HamcrestAssertionClosure$validate$1.call(Unknown Source)
	at io.restassured.internal.ResponseSpecificationImpl.validateResponseIfRequired(ResponseSpecificationImpl.groovy:613)
	at org.codehaus.groovy.runtime.callsite.PogoMetaMethodSite$PogoCachedMethodSiteNoUnwrapNoCoerce.invoke(PogoMetaMethodSite.java:210)
	at org.codehaus.groovy.runtime.callsite.PogoMetaMethodSite.callCurrent(PogoMetaMethodSite.java:59)
	at org.codehaus.groovy.runtime.callsite.AbstractCallSite.callCurrent(AbstractCallSite.java:166)
	at io.restassured.internal.ResponseSpecificationImpl.content(ResponseSpecificationImpl.groovy:251)
	at io.restassured.specification.ResponseSpecification$content$0.callCurrent(Unknown Source)
	at io.restassured.internal.ResponseSpecificationImpl.body(ResponseSpecificationImpl.groovy:234)
	at io.restassured.internal.ValidatableResponseOptionsImpl.body(ValidatableResponseOptionsImpl.java:268)
	at com.spronq.helloworldresttest.MessageTest.checkNamesWithErr(MessageTest.java:68)
... Removed 43 stack frames]]>
    </failure>
  </testcase> <!-- checkNamesWithErr -->
  <testcase name="checkResponseCodeForCorrectRequest" time="0.019" classname="com.spronq.helloworldresttest.MessageTest"/>
  <testcase name="checkResponseCodeForIncorrectRequest" time="0.014" classname="com.spronq.helloworldresttest.MessageTest"/>
  <testcase name="checkResponseContentTypeJson" time="0.012" classname="com.spronq.helloworldresttest.MessageTest"/>
  <testcase name="logResponseNames" time="0.029" classname="com.spronq.helloworldresttest.MessageTest"/>
</testsuite> <!-- Command line test -->
